2025-06-12 16:28:20 - Request to Form3: /forms/form3?bencana_id=1
2025-06-12 16:28:20 - Form3Controller.php exists: Yes
2025-06-12 16:29:57 - Request to Form3: /forms/form3?bencana_id=1
2025-06-12 16:29:57 - Form3Controller.php exists: Yes
2025-06-12 16:29:59 - Request to Form3: /forms/form3/list?bencana_id=1
2025-06-12 16:29:59 - Form3Controller.php exists: Yes
2025-06-12 18:01:35 - Request to Form3: /forms/form3/list?bencana_id=1
2025-06-12 18:01:35 - Form3Controller.php exists: Yes
2025-06-12 18:02:27 - Request to Form3: /forms/form3/list?bencana_id=1
2025-06-12 18:02:27 - Form3Controller.php exists: Yes
2025-06-12 18:22:29 - Request to Form3: /forms/form3/list?bencana_id=1
2025-06-12 18:22:29 - Form3Controller.php exists: Yes
2025-06-12 18:26:21 - Request to Form3: /forms/form3/list?bencana_id=1
2025-06-12 18:26:21 - Form3Controller.php exists: Yes
2025-06-12 18:26:47 - Request to Form3: /forms/form3/list?bencana_id=1
2025-06-12 18:26:47 - Form3Controller.php exists: Yes
2025-06-12 18:26:55 - Request to Form3: /forms/form3/edit/1
2025-06-12 18:26:55 - Form3Controller.php exists: Yes
2025-06-12 18:27:01 - Request to Form3: /forms/form3/show/1
2025-06-12 18:27:01 - Form3Controller.php exists: Yes
2025-06-12 18:27:07 - Request to Form3: /forms/form3/preview-pdf/1
2025-06-12 18:27:07 - Form3Controller.php exists: Yes
2025-06-12 18:27:19 - Request to Form3: /forms/form3/pdf/1
2025-06-12 18:27:19 - Form3Controller.php exists: Yes
2025-06-12 18:27:47 - Request to Form3: /forms/form3/list?bencana_id=1
2025-06-12 18:27:47 - Form3Controller.php exists: Yes
2025-06-12 19:56:43 - Request to Form3: /forms/form3/list?bencana_id=1
2025-06-12 19:56:43 - Form3Controller.php exists: Yes
2025-06-12 19:57:56 - Request to Form3: /forms/form3/list?bencana_id=1
2025-06-12 19:57:56 - Form3Controller.php exists: Yes
2025-06-15 17:38:36 - Request to Form3: /forms/form3?bencana_id=1
2025-06-15 17:38:36 - Form3Controller.php exists: Yes
2025-06-15 17:39:21 - Request to Form3: /forms/form3/list?bencana_id=1
2025-06-15 17:39:21 - Form3Controller.php exists: Yes
2025-06-15 17:39:25 - Request to Form3: /forms/form3/preview-pdf/1
2025-06-15 17:39:25 - Form3Controller.php exists: Yes
2025-06-15 17:45:00 - Request to Form3: /forms/form3?bencana_id=1
2025-06-15 17:45:00 - Form3Controller.php exists: Yes
2025-06-15 18:03:43 - Request to Form3: /forms/form3?bencana_id=1
2025-06-15 18:03:43 - Form3Controller.php exists: Yes
2025-06-15 18:04:30 - Request to Form3: /forms/form3?bencana_id=1
2025-06-15 18:04:30 - Form3Controller.php exists: Yes
2025-06-15 18:08:53 - Request to Form3: /forms/form3?bencana_id=1
2025-06-15 18:08:53 - Form3Controller.php exists: Yes
2025-06-15 18:09:43 - Request to Form3: /forms/form3?bencana_id=1
2025-06-15 18:09:43 - Form3Controller.php exists: Yes
2025-06-15 18:11:25 - Request to Form3: /forms/form3?bencana_id=1
2025-06-15 18:11:25 - Form3Controller.php exists: Yes
2025-06-15 18:12:18 - Request to Form3: /forms/form3?bencana_id=1
2025-06-15 18:12:18 - Form3Controller.php exists: Yes
2025-06-15 18:15:37 - Request to Form3: /forms/form3?bencana_id=1
2025-06-15 18:15:37 - Form3Controller.php exists: Yes
2025-06-15 18:16:32 - Request to Form3: /forms/form3?bencana_id=1
2025-06-15 18:16:32 - Form3Controller.php exists: Yes
2025-06-15 18:16:45 - Request to Form3: /forms/form3?bencana_id=1
2025-06-15 18:16:45 - Form3Controller.php exists: Yes
2025-06-15 18:17:28 - Request to Form3: /forms/form3?bencana_id=1
2025-06-15 18:17:28 - Form3Controller.php exists: Yes
2025-06-15 18:17:58 - Request to Form3: /forms/form3?bencana_id=1
2025-06-15 18:17:58 - Form3Controller.php exists: Yes
2025-06-15 18:18:28 - Request to Form3: /forms/form3?bencana_id=1
2025-06-15 18:18:28 - Form3Controller.php exists: Yes
2025-06-15 18:19:24 - Request to Form3: /forms/form3?bencana_id=1
2025-06-15 18:19:24 - Form3Controller.php exists: Yes
2025-06-15 18:19:38 - Request to Form3: /forms/form3?bencana_id=1
2025-06-15 18:19:38 - Form3Controller.php exists: Yes
2025-06-15 18:19:56 - Request to Form3: /forms/form3?bencana_id=1
2025-06-15 18:19:56 - Form3Controller.php exists: Yes
2025-06-15 18:20:25 - Request to Form3: /forms/form3?bencana_id=1
2025-06-15 18:20:25 - Form3Controller.php exists: Yes
2025-06-15 18:20:38 - Request to Form3: /forms/form3?bencana_id=1
2025-06-15 18:20:38 - Form3Controller.php exists: Yes
2025-06-15 18:21:03 - Request to Form3: /forms/form3?bencana_id=1
2025-06-15 18:21:03 - Form3Controller.php exists: Yes
2025-06-15 18:21:19 - Request to Form3: /forms/form3?bencana_id=1
2025-06-15 18:21:19 - Form3Controller.php exists: Yes
2025-06-15 18:21:57 - Request to Form3: /forms/form3?bencana_id=1
2025-06-15 18:21:57 - Form3Controller.php exists: Yes
2025-06-15 18:22:10 - Request to Form3: /forms/form3?bencana_id=1
2025-06-15 18:22:10 - Form3Controller.php exists: Yes
2025-06-15 18:22:32 - Request to Form3: /forms/form3?bencana_id=1
2025-06-15 18:22:32 - Form3Controller.php exists: Yes
2025-06-15 18:23:05 - Request to Form3: /forms/form3?bencana_id=1
2025-06-15 18:23:05 - Form3Controller.php exists: Yes
2025-06-15 18:23:27 - Request to Form3: /forms/form3?bencana_id=1
2025-06-15 18:23:27 - Form3Controller.php exists: Yes
2025-06-15 18:24:02 - Request to Form3: /forms/form3?bencana_id=1
2025-06-15 18:24:02 - Form3Controller.php exists: Yes
2025-06-15 18:24:36 - Request to Form3: /forms/form3?bencana_id=1
2025-06-15 18:24:36 - Form3Controller.php exists: Yes
2025-06-15 18:25:11 - Request to Form3: /forms/form3?bencana_id=1
2025-06-15 18:25:11 - Form3Controller.php exists: Yes
2025-06-15 18:25:26 - Request to Form3: /forms/form3?bencana_id=1
2025-06-15 18:25:26 - Form3Controller.php exists: Yes
2025-06-15 18:26:08 - Request to Form3: /forms/form3?bencana_id=1
2025-06-15 18:26:08 - Form3Controller.php exists: Yes
2025-06-15 18:26:29 - Request to Form3: /forms/form3?bencana_id=1
2025-06-15 18:26:29 - Form3Controller.php exists: Yes
2025-06-15 18:26:41 - Request to Form3: /forms/form3?bencana_id=1
2025-06-15 18:26:41 - Form3Controller.php exists: Yes
2025-06-15 18:26:49 - Request to Form3: /forms/form3?bencana_id=1
2025-06-15 18:26:49 - Form3Controller.php exists: Yes
2025-06-15 18:26:58 - Request to Form3: /forms/form3?bencana_id=1
2025-06-15 18:26:58 - Form3Controller.php exists: Yes
2025-06-15 18:27:15 - Request to Form3: /forms/form3?bencana_id=1
2025-06-15 18:27:15 - Form3Controller.php exists: Yes
2025-06-15 18:27:37 - Request to Form3: /forms/form3?bencana_id=1
2025-06-15 18:27:37 - Form3Controller.php exists: Yes
2025-06-15 18:29:14 - Request to Form3: /forms/form3?bencana_id=1
2025-06-15 18:29:14 - Form3Controller.php exists: Yes
2025-06-15 18:29:30 - Request to Form3: /forms/form3?bencana_id=1
2025-06-15 18:29:30 - Form3Controller.php exists: Yes
2025-06-15 18:29:45 - Request to Form3: /forms/form3?bencana_id=1
2025-06-15 18:29:45 - Form3Controller.php exists: Yes
2025-06-15 18:30:11 - Request to Form3: /forms/form3?bencana_id=1
2025-06-15 18:30:11 - Form3Controller.php exists: Yes
2025-06-15 23:38:33 - Request to Form3: /forms/form3?bencana_id=1
2025-06-15 23:38:33 - Form3Controller.php exists: Yes
2025-06-15 23:39:04 - Request to Form3: /forms/form3?bencana_id=1
2025-06-15 23:39:04 - Form3Controller.php exists: Yes
2025-06-15 23:40:25 - Request to Form3: /forms/form3?bencana_id=1
2025-06-15 23:40:25 - Form3Controller.php exists: Yes
2025-06-15 23:41:05 - Request to Form3: /forms/form3?bencana_id=1
2025-06-15 23:41:05 - Form3Controller.php exists: Yes
2025-06-15 23:41:08 - Request to Form3: /forms/form3?bencana_id=1
2025-06-15 23:41:08 - Form3Controller.php exists: Yes
2025-06-15 23:41:11 - Request to Form3: /forms/form3?bencana_id=1
2025-06-15 23:41:11 - Form3Controller.php exists: Yes
2025-06-16 06:40:43 - Request to Form3: /forms/form3?bencana_id=1
2025-06-16 06:40:43 - Form3Controller.php exists: Yes
2025-06-16 06:45:23 - Request to Form3: /forms/form3?bencana_id=1
2025-06-16 06:45:23 - Form3Controller.php exists: Yes
2025-06-16 06:55:06 - Request to Form3: /forms/form3?bencana_id=1
2025-06-16 06:55:06 - Form3Controller.php exists: Yes
2025-06-16 06:59:29 - Request to Form3: /forms/form3?bencana_id=1
2025-06-16 06:59:29 - Form3Controller.php exists: Yes
2025-06-16 07:02:47 - Request to Form3: /forms/form3?bencana_id=1
2025-06-16 07:02:47 - Form3Controller.php exists: Yes
2025-06-16 07:30:06 - Request to Form3: /forms/form3?bencana_id=1
2025-06-16 07:30:06 - Form3Controller.php exists: Yes
2025-06-16 07:34:31 - Request to Form3: /forms/form3?bencana_id=1
2025-06-16 07:34:31 - Form3Controller.php exists: Yes
2025-06-16 07:45:32 - Request to Form3: /forms/form3?bencana_id=1
2025-06-16 07:45:32 - Form3Controller.php exists: Yes
2025-06-16 07:45:46 - Request to Form3: /forms/form3?bencana_id=1
2025-06-16 07:45:46 - Form3Controller.php exists: Yes
2025-06-16 07:56:14 - Request to Form3: /forms/form3?bencana_id=1
2025-06-16 07:56:14 - Form3Controller.php exists: Yes
2025-06-16 07:56:39 - Request to Form3: /forms/form3?bencana_id=1
2025-06-16 07:56:39 - Form3Controller.php exists: Yes
2025-06-16 07:56:57 - Request to Form3: /forms/form3?bencana_id=1
2025-06-16 07:56:57 - Form3Controller.php exists: Yes
2025-06-16 08:08:08 - Request to Form3: /forms/form3?bencana_id=1
2025-06-16 08:08:08 - Form3Controller.php exists: Yes
2025-06-16 08:09:36 - Request to Form3: /forms/form3?bencana_id=1
2025-06-16 08:09:36 - Form3Controller.php exists: Yes
2025-06-20 15:37:34 - Request to Form3: /forms/form3?bencana_id=1
2025-06-20 15:37:34 - Form3Controller.php exists: Yes
2025-06-20 16:23:34 - Request to Form3: /forms/form3?bencana_id=1
2025-06-20 16:23:34 - Form3Controller.php exists: Yes
2025-06-20 16:28:37 - Request to Form3: /forms/form3?bencana_id=1
2025-06-20 16:28:37 - Form3Controller.php exists: Yes
2025-06-20 16:29:16 - Request to Form3: /forms/form3?bencana_id=1
2025-06-20 16:29:16 - Form3Controller.php exists: Yes
2025-06-20 16:33:27 - Request to Form3: /forms/form3?bencana_id=1
2025-06-20 16:33:27 - Form3Controller.php exists: Yes
2025-06-20 16:34:06 - Request to Form3: /forms/form3?bencana_id=1
2025-06-20 16:34:06 - Form3Controller.php exists: Yes
2025-06-20 16:35:42 - Request to Form3: /forms/form3?bencana_id=1
2025-06-20 16:35:42 - Form3Controller.php exists: Yes
2025-06-20 16:41:37 - Request to Form3: /forms/form3?bencana_id=1
2025-06-20 16:41:37 - Form3Controller.php exists: Yes
2025-06-20 16:43:06 - Request to Form3: /forms/form3?bencana_id=1
2025-06-20 16:43:06 - Form3Controller.php exists: Yes
2025-06-20 16:44:55 - Request to Form3: /forms/form3?bencana_id=1
2025-06-20 16:44:55 - Form3Controller.php exists: Yes
2025-06-20 16:45:56 - Request to Form3: /forms/form3?bencana_id=1
2025-06-20 16:45:56 - Form3Controller.php exists: Yes
2025-06-20 16:48:01 - Request to Form3: /forms/form3?bencana_id=1
2025-06-20 16:48:01 - Form3Controller.php exists: Yes
2025-06-20 16:50:16 - Request to Form3: /forms/form3?bencana_id=1
2025-06-20 16:50:16 - Form3Controller.php exists: Yes
2025-06-20 16:52:04 - Request to Form3: /forms/form3?bencana_id=1
2025-06-20 16:52:04 - Form3Controller.php exists: Yes
2025-06-20 16:57:12 - Request to Form3: /forms/form3?bencana_id=1
2025-06-20 16:57:12 - Form3Controller.php exists: Yes
2025-06-20 17:02:16 - Request to Form3: /forms/form3?bencana_id=1
2025-06-20 17:02:16 - Form3Controller.php exists: Yes
2025-06-20 17:02:56 - Request to Form3: /forms/form3?bencana_id=1
2025-06-20 17:02:56 - Form3Controller.php exists: Yes
2025-06-20 17:03:38 - Request to Form3: /forms/form3?bencana_id=1
2025-06-20 17:03:38 - Form3Controller.php exists: Yes
2025-06-20 17:04:01 - Request to Form3: /forms/form3?bencana_id=1
2025-06-20 17:04:01 - Form3Controller.php exists: Yes
2025-06-21 18:24:17 - Request to Form3: /forms/form3?bencana_id=1
2025-06-21 18:24:17 - Form3Controller.php exists: Yes
2025-06-21 18:24:22 - Request to Form3: /forms/form3?bencana_id=1
2025-06-21 18:24:22 - Form3Controller.php exists: Yes
2025-06-21 18:25:15 - Request to Form3: /forms/form3?bencana_id=1
2025-06-21 18:25:15 - Form3Controller.php exists: Yes
2025-06-21 18:27:13 - Request to Form3: /forms/form3?bencana_id=1
2025-06-21 18:27:13 - Form3Controller.php exists: Yes
2025-06-21 18:35:34 - Request to Form3: /forms/form3?bencana_id=1
2025-06-21 18:35:34 - Form3Controller.php exists: Yes
2025-06-21 18:44:43 - Request to Form3: /forms/form3?bencana_id=1
2025-06-21 18:44:43 - Form3Controller.php exists: Yes
2025-06-21 18:46:51 - Request to Form3: /forms/form3?bencana_id=1
2025-06-21 18:46:51 - Form3Controller.php exists: Yes
2025-06-21 19:45:31 - Request to Form3: /forms/form3?bencana_id=1
2025-06-21 19:45:31 - Form3Controller.php exists: Yes
2025-06-21 20:06:52 - Request to Form3: /forms/form3?bencana_id=1
2025-06-21 20:06:52 - Form3Controller.php exists: Yes
2025-06-21 20:30:18 - Request to Form3: /forms/form3?bencana_id=1
2025-06-21 20:30:18 - Form3Controller.php exists: Yes
2025-06-22 12:43:20 - Request to Form3: /forms/form3?bencana_id=1
2025-06-22 12:43:20 - Form3Controller.php exists: Yes
2025-06-22 17:33:31 - Request to Form3: /forms/form3?bencana_id=1
2025-06-22 17:33:31 - Form3Controller.php exists: Yes
2025-06-22 17:35:20 - Request to Form3: /forms/form3?bencana_id=1
2025-06-22 17:35:20 - Form3Controller.php exists: Yes
2025-06-22 18:30:20 - Request to Form3: /forms/form3?bencana_id=1
2025-06-22 18:30:20 - Form3Controller.php exists: Yes
2025-06-25 15:17:32 - Request to Form3: /forms/form3?bencana_id=1
2025-06-25 15:17:32 - Form3Controller.php exists: Yes
2025-06-25 15:26:13 - Request to Form3: /forms/form3?bencana_id=1
2025-06-25 15:26:13 - Form3Controller.php exists: Yes
2025-06-26 03:43:17 - Request to Form3: /forms/form3?bencana_id=1
2025-06-26 03:43:17 - Form3Controller.php exists: Yes
2025-06-26 04:28:35 - Request to Form3: /forms/form3?bencana_id=1
2025-06-26 04:28:35 - Form3Controller.php exists: Yes
2025-07-05 23:01:48 - Request to Form3: /forms/form3?bencana_id=1
2025-07-05 23:01:49 - Form3Controller.php exists: Yes
2025-09-15 03:49:37 - Request to Form3: /forms/form3?bencana_id=2
2025-09-15 03:49:37 - Form3Controller.php exists: Yes
2025-09-22 04:00:34 - Request to Form3: /forms/form3?bencana_id=2
2025-09-22 04:00:34 - Form3Controller.php exists: Yes
2025-09-29 08:48:45 - Request to Form3: /forms/form3?bencana_id=1
2025-09-29 08:48:45 - Form3Controller.php exists: Yes
2025-09-29 08:49:32 - Request to Form3: /forms/form3?bencana_id=1
2025-09-29 08:49:32 - Form3Controller.php exists: Yes
2025-09-29 09:28:59 - Request to Form3: /forms/form3?bencana_id=1
2025-09-29 09:28:59 - Form3Controller.php exists: Yes
2025-09-30 08:33:46 - Request to Form3: /forms/form3?bencana_id=1
2025-09-30 08:33:46 - Form3Controller.php exists: Yes
2025-09-30 08:34:32 - Request to Form3: /forms/form3?bencana_id=1
2025-09-30 08:34:32 - Form3Controller.php exists: Yes
2025-10-02 05:42:31 - Request to Form3: /forms/form3?bencana_id=2
2025-10-02 05:42:31 - Form3Controller.php exists: Yes
2025-10-02 05:56:26 - Request to Form3: /forms/form3?bencana_id=2
2025-10-02 05:56:26 - Form3Controller.php exists: Yes
2025-10-02 06:52:00 - Request to Form3: /forms/form3?bencana_id=2
2025-10-02 06:52:00 - Form3Controller.php exists: Yes
2025-10-04 18:34:34 - Request to Form3: /forms/form3/list?bencana_id=2
2025-10-04 18:34:34 - Form3Controller.php exists: Yes
2025-10-10 06:45:57 - Request to Form3: /forms/form3/list?bencana_id=1
2025-10-10 06:45:57 - Form3Controller.php exists: Yes
2025-10-10 06:46:25 - Request to Form3: /forms/form3/list?bencana_id=1
2025-10-10 06:46:25 - Form3Controller.php exists: Yes
2025-10-10 09:48:33 - Request to Form3: /forms/form3/list?bencana_id=1
2025-10-10 09:48:33 - Form3Controller.php exists: Yes
2025-10-10 09:48:37 - Request to Form3: /forms/form3?bencana_id=1
2025-10-10 09:48:37 - Form3Controller.php exists: Yes
2025-10-13 01:26:09 - Request to Form3: /forms/form3?bencana_id=1
2025-10-13 01:26:09 - Form3Controller.php exists: Yes
2025-10-13 01:27:18 - Request to Form3: /forms/form3/store
2025-10-13 01:27:18 - Form3Controller.php exists: Yes
2025-10-13 01:27:19 - Request to Form3: /forms/form3/show/1
2025-10-13 01:27:19 - Form3Controller.php exists: Yes
2025-10-13 02:03:59 - Request to Form3: /forms/form3?bencana_id=1
2025-10-13 02:03:59 - Form3Controller.php exists: Yes
2025-10-13 02:08:46 - Request to Form3: /forms/form3?bencana_id=1
2025-10-13 02:08:46 - Form3Controller.php exists: Yes
2025-10-13 02:41:13 - Request to Form3: /forms/form3?bencana_id=1
2025-10-13 02:41:13 - Form3Controller.php exists: Yes
2025-10-13 08:39:08 - Request to Form3: /forms/form3/show/1
2025-10-13 08:39:08 - Form3Controller.php exists: Yes
2025-10-13 08:39:14 - Request to Form3: /forms/form3/
2025-10-13 08:39:14 - Form3Controller.php exists: Yes
2025-10-13 08:39:24 - Request to Form3: /forms/form3?bencana_id=1
2025-10-13 08:39:24 - Form3Controller.php exists: Yes
2025-10-13 08:42:59 - Request to Form3: /forms/form3/store
2025-10-13 08:42:59 - Form3Controller.php exists: Yes
2025-10-13 08:43:00 - Request to Form3: /forms/form3/show/1
2025-10-13 08:43:00 - Form3Controller.php exists: Yes
2025-10-13 08:51:44 - Request to Form3: /forms/form3/preview-pdf/1
2025-10-13 08:51:44 - Form3Controller.php exists: Yes
2025-10-13 08:51:50 - Request to Form3: /forms/form3/list?bencana_id=1
2025-10-13 08:51:50 - Form3Controller.php exists: Yes
2025-10-15 04:20:51 - Request to Form3: /forms/form3?bencana_id=1
2025-10-15 04:20:51 - Form3Controller.php exists: Yes
2025-10-15 04:22:25 - Request to Form3: /forms/form3?bencana_id=1
2025-10-15 04:22:25 - Form3Controller.php exists: Yes
2025-10-15 04:24:37 - Request to Form3: /forms/form3?bencana_id=1
2025-10-15 04:24:37 - Form3Controller.php exists: Yes
2025-10-15 04:24:49 - Request to Form3: /forms/form3?bencana_id=1
2025-10-15 04:24:49 - Form3Controller.php exists: Yes
2025-10-15 07:05:53 - Request to Form3: /forms/form3?bencana_id=1
2025-10-15 07:05:53 - Form3Controller.php exists: Yes
2025-10-15 07:06:24 - Request to Form3: /forms/form3/list?bencana_id=1
2025-10-15 07:06:24 - Form3Controller.php exists: Yes
2025-10-15 07:06:25 - Request to Form3: /forms/form3?bencana_id=1
2025-10-15 07:06:25 - Form3Controller.php exists: Yes
2025-10-15 07:07:47 - Request to Form3: /forms/form3/store
2025-10-15 07:07:47 - Form3Controller.php exists: Yes
2025-10-15 07:07:59 - Request to Form3: /forms/form3/store
2025-10-15 07:07:59 - Form3Controller.php exists: Yes
2025-10-15 07:08:10 - Request to Form3: /forms/form3/store
2025-10-15 07:08:10 - Form3Controller.php exists: Yes
2025-10-15 07:08:19 - Request to Form3: /forms/form3/store
2025-10-15 07:08:19 - Form3Controller.php exists: Yes
2025-10-15 07:08:19 - Request to Form3: /forms/form3/show/1
2025-10-15 07:08:19 - Form3Controller.php exists: Yes
2025-10-15 07:08:26 - Request to Form3: /forms/form3/preview-pdf/1
2025-10-15 07:08:26 - Form3Controller.php exists: Yes
2025-10-15 07:09:35 - Request to Form3: /forms/form3/list?bencana_id=1
2025-10-15 07:09:35 - Form3Controller.php exists: Yes
2025-10-15 08:46:10 - Request to Form3: /forms/form3/list?bencana_id=1
2025-10-15 08:46:10 - Form3Controller.php exists: Yes
2025-10-15 08:46:12 - Request to Form3: /forms/form3/preview-pdf/1
2025-10-15 08:46:12 - Form3Controller.php exists: Yes
2025-10-15 08:48:51 - Request to Form3: /forms/form3/preview-pdf/1
2025-10-15 08:48:51 - Form3Controller.php exists: Yes
2025-10-15 08:50:34 - Request to Form3: /forms/form3/preview-pdf/1
2025-10-15 08:50:34 - Form3Controller.php exists: Yes
2025-10-15 08:52:15 - Request to Form3: /forms/form3/preview-pdf/1
2025-10-15 08:52:15 - Form3Controller.php exists: Yes
2025-10-15 08:54:09 - Request to Form3: /forms/form3/preview-pdf/1
2025-10-15 08:54:09 - Form3Controller.php exists: Yes
